<?xml version="1.0" encoding="UTF-8"?>
<testng-results skipped="0" failed="0" total="1" passed="1">
  <reporter-output>
  </reporter-output>
  <suite name="Default suite" duration-ms="18989" started-at="2016-11-10T14:11:11Z" finished-at="2016-11-10T14:11:30Z">
    <groups>
    </groups>
    <test name="Default test" duration-ms="18989" started-at="2016-11-10T14:11:11Z" finished-at="2016-11-10T14:11:30Z">
      <class name="add_product.add_product_via_seller">
        <test-method status="PASS" signature="generatecsv()[pri:0, instance:add_product.add_product_via_seller@27efef64]" name="generatecsv" is-config="true" duration-ms="22" started-at="2016-11-10T19:41:11Z" finished-at="2016-11-10T19:41:11Z">
          <reporter-output>
          </reporter-output>
        </test-method> <!-- generatecsv -->
        <test-method status="PASS" signature="before_test()[pri:0, instance:add_product.add_product_via_seller@27efef64]" name="before_test" is-config="true" duration-ms="6000" started-at="2016-11-10T19:41:11Z" finished-at="2016-11-10T19:41:17Z">
          <reporter-output>
          </reporter-output>
        </test-method> <!-- before_test -->
        <test-method status="PASS" signature="test_add_product_via_seller(java.lang.String)[pri:0, instance:add_product.add_product_via_seller@27efef64]" name="test_add_product_via_seller" duration-ms="10971" started-at="2016-11-10T19:41:17Z" data-provider="add_product_via_seller" finished-at="2016-11-10T19:41:28Z">
          <params>
            <param index="0">
              <value>
                <![CDATA[1,1,4,5,6,0,8,9,10,11,12,13,14,15]]>
              </value>
            </param>
          </params>
          <reporter-output>
          </reporter-output>
        </test-method> <!-- test_add_product_via_seller -->
        <test-method status="PASS" signature="after_test()[pri:0, instance:add_product.add_product_via_seller@27efef64]" name="after_test" is-config="true" duration-ms="2000" started-at="2016-11-10T19:41:28Z" finished-at="2016-11-10T19:41:30Z">
          <reporter-output>
          </reporter-output>
        </test-method> <!-- after_test -->
      </class> <!-- add_product.add_product_via_seller -->
    </test> <!-- Default test -->
  </suite> <!-- Default suite -->
</testng-results>
